<?xml version="1.0" encoding="UTF-8"?>
<testng-results ignored="0" total="1" passed="1" failed="0" skipped="0">
  <reporter-output>
  </reporter-output>
  <suite started-at="2024-03-18T16:47:07 IST" name="Default suite" finished-at="2024-03-18T16:47:10 IST" duration-ms="3332">
    <groups>
    </groups>
    <test started-at="2024-03-18T16:47:07 IST" name="Default test" finished-at="2024-03-18T16:47:10 IST" duration-ms="3332">
      <class name="revesionrestasured.example3purchaseamount">
        <test-method signature="ourchaseamount()[pri:0, instance:revesionrestasured.example3purchaseamount@4f209819]" started-at="2024-03-18T16:47:07 IST" name="ourchaseamount" finished-at="2024-03-18T16:47:10 IST" duration-ms="3284" status="PASS">
          <reporter-output>
          </reporter-output>
        </test-method> <!-- ourchaseamount -->
      </class> <!-- revesionrestasured.example3purchaseamount -->
    </test> <!-- Default test -->
  </suite> <!-- Default suite -->
</testng-results>
